Performing C SOURCE FILE Test CMAKE_HAVE_LIBC_PTHREAD failed with the following output:
Change Dir: /home/whd/SLAM/ORB_SLAM2/cmake-build-debug/CMakeFiles/CMakeScratch/TryCompile-dzZG4A

Run Build Command(s):/home/whd/.local/share/JetBrains/Toolbox/apps/CLion/ch-0/231.9011.31/bin/ninja/linux/x64/ninja cmTC_cfb61 && [1/2] Building C object CMakeFiles/cmTC_cfb61.dir/src.c.o
[2/2] Linking C executable cmTC_cfb61
FAILED: cmTC_cfb61 
: && /usr/bin/cc -Wall  -O3 -march=native -rdynamic CMakeFiles/cmTC_cfb61.dir/src.c.o -o cmTC_cfb61   && :
/usr/bin/ld: CMakeFiles/cmTC_cfb61.dir/src.c.o: in function `main':
src.c:(.text.startup+0x29): undefined reference to `pthread_create'
/usr/bin/ld: src.c:(.text.startup+0x32): undefined reference to `pthread_detach'
/usr/bin/ld: src.c:(.text.startup+0x3b): undefined reference to `pthread_cancel'
/usr/bin/ld: src.c:(.text.startup+0x46): undefined reference to `pthread_join'
collect2: error: ld returned 1 exit status
ninja: build stopped: subcommand failed.


Source file was:
#include <pthread.h>

static void* test_func(void* data)
{
  return data;
}

int main(void)
{
  pthread_t thread;
  pthread_create(&thread, NULL, test_func, NULL);
  pthread_detach(thread);
  pthread_cancel(thread);
  pthread_join(thread, NULL);
  pthread_atfork(NULL, NULL, NULL);
  pthread_exit(NULL);

  return 0;
}


Determining if the function pthread_create exists in the pthreads failed with the following output:
Change Dir: /home/whd/SLAM/ORB_SLAM2/cmake-build-debug/CMakeFiles/CMakeScratch/TryCompile-a9YbzC

Run Build Command(s):/home/whd/.local/share/JetBrains/Toolbox/apps/CLion/ch-0/231.9011.31/bin/ninja/linux/x64/ninja cmTC_7fdad && [1/2] Building C object CMakeFiles/cmTC_7fdad.dir/CheckFunctionExists.c.o
[2/2] Linking C executable cmTC_7fdad
FAILED: cmTC_7fdad 
: && /usr/bin/cc -Wall  -O3 -march=native  -DCHECK_FUNCTION_EXISTS=pthread_create -rdynamic CMakeFiles/cmTC_7fdad.dir/CheckFunctionExists.c.o -o cmTC_7fdad  -lpthreads && :
/usr/bin/ld: 找不到 -lpthreads
collect2: error: ld returned 1 exit status
ninja: build stopped: subcommand failed.



